{"uuid":"a90a0b15-990f-46a4-abcf-b971f1fc3460","historyId":"dae435d2538bd4cf805f34fd554389a2","fullName":"tests.ExampleAllure.ScenarioExecutor.testRegister","labels":[{"name":"package","value":"tests.ExampleAllure.ScenarioExecutor"},{"name":"testClass","value":"tests.ExampleAllure.ScenarioExecutor"},{"name":"testMethod","value":"testRegister"},{"name":"parentSuite","value":"Default Suite"},{"name":"suite","value":"presentallure"},{"name":"subSuite","value":"tests.ExampleAllure.ScenarioExecutor"},{"name":"host","value":"ascherba-pc"},{"name":"thread","value":"12229@ascherba-pc.main(1)"},{"name":"owner","value":"Alex Scherba"}],"links":[],"name":"Placement for Test Name","status":"failed","statusDetails":{"known":false,"muted":false,"flaky":false,"message":"expected [Login has already been taken] but found [First name can't be blank\nLast name can't be blank\nEmail can't be blank\nPassword is too short (minimum is 4 characters)]","trace":"java.lang.AssertionError: expected [Login has already been taken] but found [First name can't be blank\nLast name can't be blank\nEmail can't be blank\nPassword is too short (minimum is 4 characters)]\n\tat org.testng.Assert.fail(Assert.java:94)\n\tat org.testng.Assert.failNotEquals(Assert.java:513)\n\tat org.testng.Assert.assertEqualsImpl(Assert.java:135)\n\tat org.testng.Assert.assertEquals(Assert.java:116)\n\tat org.testng.Assert.assertEquals(Assert.java:190)\n\tat org.testng.Assert.assertEquals(Assert.java:200)\n\tat tests.ExampleAllure.ScenarioExecutor.assertErrorText_aroundBody6(ScenarioExecutor.java:83)\n\tat tests.ExampleAllure.ScenarioExecutor$AjcClosure7.run(ScenarioExecutor.java:1)\n\tat org.aspectj.runtime.reflect.JoinPointImpl.proceed(JoinPointImpl.java:149)\n\tat io.qameta.allure.aspects.StepsAspects.step(StepsAspects.java:46)\n\tat tests.ExampleAllure.ScenarioExecutor.assertErrorText(ScenarioExecutor.java:83)\n\tat tests.ExampleAllure.ScenarioExecutor.testRegister(ScenarioExecutor.java:46)\n\tat sun.reflect.NativeMethodAccessorImpl.invoke0(Native Method)\n\tat sun.reflect.NativeMethodAccessorImpl.invoke(NativeMethodAccessorImpl.java:62)\n\tat sun.reflect.DelegatingMethodAccessorImpl.invoke(DelegatingMethodAccessorImpl.java:43)\n\tat java.lang.reflect.Method.invoke(Method.java:498)\n\tat org.testng.internal.MethodInvocationHelper.invokeMethod(MethodInvocationHelper.java:100)\n\tat org.testng.internal.Invoker.invokeMethod(Invoker.java:646)\n\tat org.testng.internal.Invoker.invokeTestMethod(Invoker.java:811)\n\tat org.testng.internal.Invoker.invokeTestMethods(Invoker.java:1137)\n\tat org.testng.internal.TestMethodWorker.invokeTestMethods(TestMethodWorker.java:129)\n\tat org.testng.internal.TestMethodWorker.run(TestMethodWorker.java:112)\n\tat org.testng.TestRunner.privateRun(TestRunner.java:753)\n\tat org.testng.TestRunner.run(TestRunner.java:607)\n\tat org.testng.SuiteRunner.runTest(SuiteRunner.java:368)\n\tat org.testng.SuiteRunner.runSequentially(SuiteRunner.java:363)\n\tat org.testng.SuiteRunner.privateRun(SuiteRunner.java:321)\n\tat org.testng.SuiteRunner.run(SuiteRunner.java:270)\n\tat org.testng.SuiteRunnerWorker.runSuite(SuiteRunnerWorker.java:52)\n\tat org.testng.SuiteRunnerWorker.run(SuiteRunnerWorker.java:86)\n\tat org.testng.TestNG.runSuitesSequentially(TestNG.java:1284)\n\tat org.testng.TestNG.runSuitesLocally(TestNG.java:1209)\n\tat org.testng.TestNG.runSuites(TestNG.java:1124)\n\tat org.testng.TestNG.run(TestNG.java:1096)\n\tat org.testng.IDEARemoteTestNG.run(IDEARemoteTestNG.java:72)\n\tat org.testng.RemoteTestNGStarter.main(RemoteTestNGStarter.java:127)\n"},"stage":"finished","description":"Registration of the user that is in the system","start":1507523543340,"stop":1507523545671,"steps":[{"name":"Navigate to Register Page","status":"passed","stage":"finished","start":1507523543390,"stop":1507523544425},{"name":"Fill Register Form with parameters","status":"passed","stage":"finished","start":1507523544427,"stop":1507523544789,"parameters":[{"name":"Login","value":"ExampleLogin"},{"name":"Password","value":"Passw0rd"},{"name":"Firstname","value":"First"},{"name":"Lastname","value":"Last"},{"name":"Mail","value":"test@mail.com"}]},{"name":"Click button","status":"passed","stage":"finished","start":1507523544789,"stop":1507523545566},{"name":"Verify Error Text","status":"failed","statusDetails":{"known":false,"muted":false,"flaky":false,"message":"expected [Login has already been taken] but found [First name can't be blank\nLast name can't be blank\nEmail can't be blank\nPassword is too short (minimum is 4 characters)]","trace":"java.lang.AssertionError: expected [Login has already been taken] but found [First name can't be blank\nLast name can't be blank\nEmail can't be blank\nPassword is too short (minimum is 4 characters)]\n\tat org.testng.Assert.fail(Assert.java:94)\n\tat org.testng.Assert.failNotEquals(Assert.java:513)\n\tat org.testng.Assert.assertEqualsImpl(Assert.java:135)\n\tat org.testng.Assert.assertEquals(Assert.java:116)\n\tat org.testng.Assert.assertEquals(Assert.java:190)\n\tat org.testng.Assert.assertEquals(Assert.java:200)\n\tat tests.ExampleAllure.ScenarioExecutor.assertErrorText_aroundBody6(ScenarioExecutor.java:83)\n\tat tests.ExampleAllure.ScenarioExecutor$AjcClosure7.run(ScenarioExecutor.java:1)\n\tat org.aspectj.runtime.reflect.JoinPointImpl.proceed(JoinPointImpl.java:149)\n\tat io.qameta.allure.aspects.StepsAspects.step(StepsAspects.java:46)\n\tat tests.ExampleAllure.ScenarioExecutor.assertErrorText(ScenarioExecutor.java:83)\n\tat tests.ExampleAllure.ScenarioExecutor.testRegister(ScenarioExecutor.java:46)\n\tat sun.reflect.NativeMethodAccessorImpl.invoke0(Native Method)\n\tat sun.reflect.NativeMethodAccessorImpl.invoke(NativeMethodAccessorImpl.java:62)\n\tat sun.reflect.DelegatingMethodAccessorImpl.invoke(DelegatingMethodAccessorImpl.java:43)\n\tat java.lang.reflect.Method.invoke(Method.java:498)\n\tat org.testng.internal.MethodInvocationHelper.invokeMethod(MethodInvocationHelper.java:100)\n\tat org.testng.internal.Invoker.invokeMethod(Invoker.java:646)\n\tat org.testng.internal.Invoker.invokeTestMethod(Invoker.java:811)\n\tat org.testng.internal.Invoker.invokeTestMethods(Invoker.java:1137)\n\tat org.testng.internal.TestMethodWorker.invokeTestMethods(TestMethodWorker.java:129)\n\tat org.testng.internal.TestMethodWorker.run(TestMethodWorker.java:112)\n\tat org.testng.TestRunner.privateRun(TestRunner.java:753)\n\tat org.testng.TestRunner.run(TestRunner.java:607)\n\tat org.testng.SuiteRunner.runTest(SuiteRunner.java:368)\n\tat org.testng.SuiteRunner.runSequentially(SuiteRunner.java:363)\n\tat org.testng.SuiteRunner.privateRun(SuiteRunner.java:321)\n\tat org.testng.SuiteRunner.run(SuiteRunner.java:270)\n\tat org.testng.SuiteRunnerWorker.runSuite(SuiteRunnerWorker.java:52)\n\tat org.testng.SuiteRunnerWorker.run(SuiteRunnerWorker.java:86)\n\tat org.testng.TestNG.runSuitesSequentially(TestNG.java:1284)\n\tat org.testng.TestNG.runSuitesLocally(TestNG.java:1209)\n\tat org.testng.TestNG.runSuites(TestNG.java:1124)\n\tat org.testng.TestNG.run(TestNG.java:1096)\n\tat org.testng.IDEARemoteTestNG.run(IDEARemoteTestNG.java:72)\n\tat org.testng.RemoteTestNGStarter.main(RemoteTestNGStarter.java:127)\n"},"stage":"finished","start":1507523545567,"stop":1507523545657,"parameters":[{"name":"errorText","value":"Login has already been taken"}]}],"parameters":[]}