{"uuid":"b9b8cdd3-05f7-4360-a08a-2ef6fb9ebd8c","historyId":"dae435d2538bd4cf805f34fd554389a2","fullName":"tests.ExampleAllure.ScenarioExecutor.testRegister","labels":[{"name":"package","value":"tests.ExampleAllure.ScenarioExecutor"},{"name":"testClass","value":"tests.ExampleAllure.ScenarioExecutor"},{"name":"testMethod","value":"testRegister"},{"name":"parentSuite","value":"Default Suite"},{"name":"suite","value":"presentallure"},{"name":"subSuite","value":"tests.ExampleAllure.ScenarioExecutor"},{"name":"host","value":"ascherba-pc"},{"name":"thread","value":"11653@ascherba-pc.main(1)"},{"name":"owner","value":"Alex Scherba"}],"links":[],"name":"Placement for Test Name","status":"failed","statusDetails":{"known":false,"muted":false,"flaky":false,"message":"expected [Login has already been taken] but found [First name can't be blank\nLast name can't be blank\nEmail can't be blank\nPassword is too short (minimum is 4 characters)]","trace":"java.lang.AssertionError: expected [Login has already been taken] but found [First name can't be blank\nLast name can't be blank\nEmail can't be blank\nPassword is too short (minimum is 4 characters)]\n\tat org.testng.Assert.fail(Assert.java:94)\n\tat org.testng.Assert.failNotEquals(Assert.java:513)\n\tat org.testng.Assert.assertEqualsImpl(Assert.java:135)\n\tat org.testng.Assert.assertEquals(Assert.java:116)\n\tat org.testng.Assert.assertEquals(Assert.java:190)\n\tat org.testng.Assert.assertEquals(Assert.java:200)\n\tat tests.ExampleAllure.ScenarioExecutor.assertErrorText_aroundBody8(ScenarioExecutor.java:82)\n\tat tests.ExampleAllure.ScenarioExecutor$AjcClosure9.run(ScenarioExecutor.java:1)\n\tat org.aspectj.runtime.reflect.JoinPointImpl.proceed(JoinPointImpl.java:149)\n\tat io.qameta.allure.aspects.StepsAspects.step(StepsAspects.java:46)\n\tat tests.ExampleAllure.ScenarioExecutor.assertErrorText(ScenarioExecutor.java:82)\n\tat tests.ExampleAllure.ScenarioExecutor.testRegister(ScenarioExecutor.java:45)\n\tat sun.reflect.NativeMethodAccessorImpl.invoke0(Native Method)\n\tat sun.reflect.NativeMethodAccessorImpl.invoke(NativeMethodAccessorImpl.java:62)\n\tat sun.reflect.DelegatingMethodAccessorImpl.invoke(DelegatingMethodAccessorImpl.java:43)\n\tat java.lang.reflect.Method.invoke(Method.java:498)\n\tat org.testng.internal.MethodInvocationHelper.invokeMethod(MethodInvocationHelper.java:100)\n\tat org.testng.internal.Invoker.invokeMethod(Invoker.java:646)\n\tat org.testng.internal.Invoker.invokeTestMethod(Invoker.java:811)\n\tat org.testng.internal.Invoker.invokeTestMethods(Invoker.java:1137)\n\tat org.testng.internal.TestMethodWorker.invokeTestMethods(TestMethodWorker.java:129)\n\tat org.testng.internal.TestMethodWorker.run(TestMethodWorker.java:112)\n\tat org.testng.TestRunner.privateRun(TestRunner.java:753)\n\tat org.testng.TestRunner.run(TestRunner.java:607)\n\tat org.testng.SuiteRunner.runTest(SuiteRunner.java:368)\n\tat org.testng.SuiteRunner.runSequentially(SuiteRunner.java:363)\n\tat org.testng.SuiteRunner.privateRun(SuiteRunner.java:321)\n\tat org.testng.SuiteRunner.run(SuiteRunner.java:270)\n\tat org.testng.SuiteRunnerWorker.runSuite(SuiteRunnerWorker.java:52)\n\tat org.testng.SuiteRunnerWorker.run(SuiteRunnerWorker.java:86)\n\tat org.testng.TestNG.runSuitesSequentially(TestNG.java:1284)\n\tat org.testng.TestNG.runSuitesLocally(TestNG.java:1209)\n\tat org.testng.TestNG.runSuites(TestNG.java:1124)\n\tat org.testng.TestNG.run(TestNG.java:1096)\n\tat org.testng.IDEARemoteTestNG.run(IDEARemoteTestNG.java:72)\n\tat org.testng.RemoteTestNGStarter.main(RemoteTestNGStarter.java:127)\n"},"stage":"finished","description":"Registration of the user that is in the system","start":1507522806260,"stop":1507522809309,"steps":[{"name":"Navigate to Register Page","status":"passed","stage":"finished","start":1507522806300,"stop":1507522807992},{"name":"Fill Register Form with parameters","status":"passed","stage":"finished","start":1507522807992,"stop":1507522808441,"steps":[{"name":"Пишу текст {1} в элемент {0}","status":"passed","stage":"finished","start":1507522808012,"stop":1507522808244,"parameters":[{"name":"selector","value":"By.id: user_login"},{"name":"messageText","value":"ExampleLogin"}]},{"name":"Пишу текст {1} в элемент {0}","status":"passed","stage":"finished","start":1507522808244,"stop":1507522808280,"parameters":[{"name":"selector","value":"By.id: password"},{"name":"messageText","value":""}]},{"name":"Пишу текст {1} в элемент {0}","status":"passed","stage":"finished","start":1507522808280,"stop":1507522808320,"parameters":[{"name":"selector","value":"By.id: password_confirmation"},{"name":"messageText","value":""}]},{"name":"Пишу текст {1} в элемент {0}","status":"passed","stage":"finished","start":1507522808320,"stop":1507522808356,"parameters":[{"name":"selector","value":"By.id: user_firstname"},{"name":"messageText","value":""}]},{"name":"Пишу текст {1} в элемент {0}","status":"passed","stage":"finished","start":1507522808356,"stop":1507522808407,"parameters":[{"name":"selector","value":"By.id: user_lastname"},{"name":"messageText","value":""}]},{"name":"Пишу текст {1} в элемент {0}","status":"passed","stage":"finished","start":1507522808407,"stop":1507522808441,"parameters":[{"name":"selector","value":"By.id: user_mail"},{"name":"messageText","value":""}]}],"parameters":[{"name":"Login","value":"ExampleLogin"},{"name":"Password","value":"Passw0rd"},{"name":"Firstname","value":"First"},{"name":"Lastname","value":"Last"},{"name":"Mail","value":"test@mail.com"}]},{"name":"Click button","status":"passed","stage":"finished","start":1507522808441,"stop":1507522809238},{"name":"Verify Error Text","status":"failed","statusDetails":{"known":false,"muted":false,"flaky":false,"message":"expected [Login has already been taken] but found [First name can't be blank\nLast name can't be blank\nEmail can't be blank\nPassword is too short (minimum is 4 characters)]","trace":"java.lang.AssertionError: expected [Login has already been taken] but found [First name can't be blank\nLast name can't be blank\nEmail can't be blank\nPassword is too short (minimum is 4 characters)]\n\tat org.testng.Assert.fail(Assert.java:94)\n\tat org.testng.Assert.failNotEquals(Assert.java:513)\n\tat org.testng.Assert.assertEqualsImpl(Assert.java:135)\n\tat org.testng.Assert.assertEquals(Assert.java:116)\n\tat org.testng.Assert.assertEquals(Assert.java:190)\n\tat org.testng.Assert.assertEquals(Assert.java:200)\n\tat tests.ExampleAllure.ScenarioExecutor.assertErrorText_aroundBody8(ScenarioExecutor.java:82)\n\tat tests.ExampleAllure.ScenarioExecutor$AjcClosure9.run(ScenarioExecutor.java:1)\n\tat org.aspectj.runtime.reflect.JoinPointImpl.proceed(JoinPointImpl.java:149)\n\tat io.qameta.allure.aspects.StepsAspects.step(StepsAspects.java:46)\n\tat tests.ExampleAllure.ScenarioExecutor.assertErrorText(ScenarioExecutor.java:82)\n\tat tests.ExampleAllure.ScenarioExecutor.testRegister(ScenarioExecutor.java:45)\n\tat sun.reflect.NativeMethodAccessorImpl.invoke0(Native Method)\n\tat sun.reflect.NativeMethodAccessorImpl.invoke(NativeMethodAccessorImpl.java:62)\n\tat sun.reflect.DelegatingMethodAccessorImpl.invoke(DelegatingMethodAccessorImpl.java:43)\n\tat java.lang.reflect.Method.invoke(Method.java:498)\n\tat org.testng.internal.MethodInvocationHelper.invokeMethod(MethodInvocationHelper.java:100)\n\tat org.testng.internal.Invoker.invokeMethod(Invoker.java:646)\n\tat org.testng.internal.Invoker.invokeTestMethod(Invoker.java:811)\n\tat org.testng.internal.Invoker.invokeTestMethods(Invoker.java:1137)\n\tat org.testng.internal.TestMethodWorker.invokeTestMethods(TestMethodWorker.java:129)\n\tat org.testng.internal.TestMethodWorker.run(TestMethodWorker.java:112)\n\tat org.testng.TestRunner.privateRun(TestRunner.java:753)\n\tat org.testng.TestRunner.run(TestRunner.java:607)\n\tat org.testng.SuiteRunner.runTest(SuiteRunner.java:368)\n\tat org.testng.SuiteRunner.runSequentially(SuiteRunner.java:363)\n\tat org.testng.SuiteRunner.privateRun(SuiteRunner.java:321)\n\tat org.testng.SuiteRunner.run(SuiteRunner.java:270)\n\tat org.testng.SuiteRunnerWorker.runSuite(SuiteRunnerWorker.java:52)\n\tat org.testng.SuiteRunnerWorker.run(SuiteRunnerWorker.java:86)\n\tat org.testng.TestNG.runSuitesSequentially(TestNG.java:1284)\n\tat org.testng.TestNG.runSuitesLocally(TestNG.java:1209)\n\tat org.testng.TestNG.runSuites(TestNG.java:1124)\n\tat org.testng.TestNG.run(TestNG.java:1096)\n\tat org.testng.IDEARemoteTestNG.run(IDEARemoteTestNG.java:72)\n\tat org.testng.RemoteTestNGStarter.main(RemoteTestNGStarter.java:127)\n"},"stage":"finished","start":1507522809238,"stop":1507522809295,"parameters":[{"name":"errorText","value":"Login has already been taken"}]}],"parameters":[]}